[     245ms] [WARNING] Invalid color passed for widgetBackgroundColor in theme.sidebar: "" @ http://localhost:8501/static/js/index.Drusyo5m.js:49
[     245ms] [WARNING] Invalid color passed for widgetBorderColor in theme.sidebar: "" @ http://localhost:8501/static/js/index.Drusyo5m.js:49
[     245ms] [WARNING] Invalid color passed for skeletonBackgroundColor in theme.sidebar: "" @ http://localhost:8501/static/js/index.Drusyo5m.js:49
[     277ms] [WARNING] Invalid color passed for widgetBackgroundColor in theme.sidebar: "" @ http://localhost:8501/static/js/index.Drusyo5m.js:49
[     277ms] [WARNING] Invalid color passed for widgetBorderColor in theme.sidebar: "" @ http://localhost:8501/static/js/index.Drusyo5m.js:49
[     277ms] [WARNING] Invalid color passed for skeletonBackgroundColor in theme.sidebar: "" @ http://localhost:8501/static/js/index.Drusyo5m.js:49
[     290ms] [WARNING] Invalid color passed for widgetBackgroundColor in theme.sidebar: "" @ http://localhost:8501/static/js/index.Drusyo5m.js:49
[     290ms] [WARNING] Invalid color passed for widgetBorderColor in theme.sidebar: "" @ http://localhost:8501/static/js/index.Drusyo5m.js:49
[     290ms] [WARNING] Invalid color passed for skeletonBackgroundColor in theme.sidebar: "" @ http://localhost:8501/static/js/index.Drusyo5m.js:49
[     762ms] [WARNING] Invalid color passed for widgetBackgroundColor in theme.sidebar: "" @ http://localhost:8501/static/js/index.Drusyo5m.js:49
[     762ms] [WARNING] Invalid color passed for widgetBorderColor in theme.sidebar: "" @ http://localhost:8501/static/js/index.Drusyo5m.js:49
[     762ms] [WARNING] Invalid color passed for skeletonBackgroundColor in theme.sidebar: "" @ http://localhost:8501/static/js/index.Drusyo5m.js:49
[     771ms] [WARNING] Invalid color passed for widgetBackgroundColor in theme.sidebar: "" @ http://localhost:8501/static/js/index.Drusyo5m.js:49
[     771ms] [WARNING] Invalid color passed for widgetBorderColor in theme.sidebar: "" @ http://localhost:8501/static/js/index.Drusyo5m.js:49
[     772ms] [WARNING] Invalid color passed for skeletonBackgroundColor in theme.sidebar: "" @ http://localhost:8501/static/js/index.Drusyo5m.js:49
[     790ms] [WARNING] Invalid color passed for widgetBackgroundColor in theme.sidebar: "" @ http://localhost:8501/static/js/index.Drusyo5m.js:49
[     790ms] [WARNING] Invalid color passed for widgetBorderColor in theme.sidebar: "" @ http://localhost:8501/static/js/index.Drusyo5m.js:49
[     790ms] [WARNING] Invalid color passed for skeletonBackgroundColor in theme.sidebar: "" @ http://localhost:8501/static/js/index.Drusyo5m.js:49
[     863ms] [WARNING] Invalid color passed for widgetBackgroundColor in theme.sidebar: "" @ http://localhost:8501/static/js/index.Drusyo5m.js:49
[     863ms] [WARNING] Invalid color passed for widgetBorderColor in theme.sidebar: "" @ http://localhost:8501/static/js/index.Drusyo5m.js:49
[     863ms] [WARNING] Invalid color passed for skeletonBackgroundColor in theme.sidebar: "" @ http://localhost:8501/static/js/index.Drusyo5m.js:49
[     926ms] [WARNING] Invalid color passed for widgetBackgroundColor in theme.sidebar: "" @ http://localhost:8501/static/js/index.Drusyo5m.js:49
[     927ms] [WARNING] Invalid color passed for widgetBorderColor in theme.sidebar: "" @ http://localhost:8501/static/js/index.Drusyo5m.js:49
[     927ms] [WARNING] Invalid color passed for skeletonBackgroundColor in theme.sidebar: "" @ http://localhost:8501/static/js/index.Drusyo5m.js:49
[   13990ms] [WARNING] Invalid color passed for widgetBackgroundColor in theme.sidebar: "" @ http://localhost:8501/static/js/index.Drusyo5m.js:49
[   13990ms] [WARNING] Invalid color passed for widgetBorderColor in theme.sidebar: "" @ http://localhost:8501/static/js/index.Drusyo5m.js:49
[   13990ms] [WARNING] Invalid color passed for skeletonBackgroundColor in theme.sidebar: "" @ http://localhost:8501/static/js/index.Drusyo5m.js:49
[   30576ms] [WARNING] Invalid color passed for widgetBackgroundColor in theme.sidebar: "" @ http://localhost:8501/static/js/index.Drusyo5m.js:49
[   30576ms] [WARNING] Invalid color passed for widgetBorderColor in theme.sidebar: "" @ http://localhost:8501/static/js/index.Drusyo5m.js:49
[   30576ms] [WARNING] Invalid color passed for skeletonBackgroundColor in theme.sidebar: "" @ http://localhost:8501/static/js/index.Drusyo5m.js:49
[   30597ms] [WARNING] Invalid color passed for widgetBackgroundColor in theme.sidebar: "" @ http://localhost:8501/static/js/index.Drusyo5m.js:49
[   30597ms] [WARNING] Invalid color passed for widgetBorderColor in theme.sidebar: "" @ http://localhost:8501/static/js/index.Drusyo5m.js:49
[   30597ms] [WARNING] Invalid color passed for skeletonBackgroundColor in theme.sidebar: "" @ http://localhost:8501/static/js/index.Drusyo5m.js:49
[   30610ms] [WARNING] Invalid color passed for widgetBackgroundColor in theme.sidebar: "" @ http://localhost:8501/static/js/index.Drusyo5m.js:49
[   30610ms] [WARNING] Invalid color passed for widgetBorderColor in theme.sidebar: "" @ http://localhost:8501/static/js/index.Drusyo5m.js:49
[   30610ms] [WARNING] Invalid color passed for skeletonBackgroundColor in theme.sidebar: "" @ http://localhost:8501/static/js/index.Drusyo5m.js:49
[   30621ms] [WARNING] Invalid color passed for widgetBackgroundColor in theme.sidebar: "" @ http://localhost:8501/static/js/index.Drusyo5m.js:49
[   30621ms] [WARNING] Invalid color passed for widgetBorderColor in theme.sidebar: "" @ http://localhost:8501/static/js/index.Drusyo5m.js:49
[   30622ms] [WARNING] Invalid color passed for skeletonBackgroundColor in theme.sidebar: "" @ http://localhost:8501/static/js/index.Drusyo5m.js:49
[   30631ms] [WARNING] Invalid color passed for widgetBackgroundColor in theme.sidebar: "" @ http://localhost:8501/static/js/index.Drusyo5m.js:49
[   30631ms] [WARNING] Invalid color passed for widgetBorderColor in theme.sidebar: "" @ http://localhost:8501/static/js/index.Drusyo5m.js:49
[   30631ms] [WARNING] Invalid color passed for skeletonBackgroundColor in theme.sidebar: "" @ http://localhost:8501/static/js/index.Drusyo5m.js:49
[   30662ms] [WARNING] Invalid color passed for widgetBackgroundColor in theme.sidebar: "" @ http://localhost:8501/static/js/index.Drusyo5m.js:49
[   30662ms] [WARNING] Invalid color passed for widgetBorderColor in theme.sidebar: "" @ http://localhost:8501/static/js/index.Drusyo5m.js:49
[   30662ms] [WARNING] Invalid color passed for skeletonBackgroundColor in theme.sidebar: "" @ http://localhost:8501/static/js/index.Drusyo5m.js:49
[   30671ms] [WARNING] Invalid color passed for widgetBackgroundColor in theme.sidebar: "" @ http://localhost:8501/static/js/index.Drusyo5m.js:49
[   30671ms] [WARNING] Invalid color passed for widgetBorderColor in theme.sidebar: "" @ http://localhost:8501/static/js/index.Drusyo5m.js:49
[   30671ms] [WARNING] Invalid color passed for skeletonBackgroundColor in theme.sidebar: "" @ http://localhost:8501/static/js/index.Drusyo5m.js:49
[   30686ms] [WARNING] Invalid color passed for widgetBackgroundColor in theme.sidebar: "" @ http://localhost:8501/static/js/index.Drusyo5m.js:49
[   30686ms] [WARNING] Invalid color passed for widgetBorderColor in theme.sidebar: "" @ http://localhost:8501/static/js/index.Drusyo5m.js:49
[   30686ms] [WARNING] Invalid color passed for skeletonBackgroundColor in theme.sidebar: "" @ http://localhost:8501/static/js/index.Drusyo5m.js:49
[   30699ms] [WARNING] Invalid color passed for widgetBackgroundColor in theme.sidebar: "" @ http://localhost:8501/static/js/index.Drusyo5m.js:49
[   30699ms] [WARNING] Invalid color passed for widgetBorderColor in theme.sidebar: "" @ http://localhost:8501/static/js/index.Drusyo5m.js:49
[   30699ms] [WARNING] Invalid color passed for skeletonBackgroundColor in theme.sidebar: "" @ http://localhost:8501/static/js/index.Drusyo5m.js:49
[  158946ms] [WARNING] Invalid color passed for widgetBackgroundColor in theme.sidebar: "" @ http://localhost:8501/static/js/index.Drusyo5m.js:49
[  158946ms] [WARNING] Invalid color passed for widgetBorderColor in theme.sidebar: "" @ http://localhost:8501/static/js/index.Drusyo5m.js:49
[  158946ms] [WARNING] Invalid color passed for skeletonBackgroundColor in theme.sidebar: "" @ http://localhost:8501/static/js/index.Drusyo5m.js:49
[  158954ms] [WARNING] Invalid color passed for widgetBackgroundColor in theme.sidebar: "" @ http://localhost:8501/static/js/index.Drusyo5m.js:49
[  158954ms] [WARNING] Invalid color passed for widgetBorderColor in theme.sidebar: "" @ http://localhost:8501/static/js/index.Drusyo5m.js:49
[  158954ms] [WARNING] Invalid color passed for skeletonBackgroundColor in theme.sidebar: "" @ http://localhost:8501/static/js/index.Drusyo5m.js:49
[  158965ms] [WARNING] Invalid color passed for widgetBackgroundColor in theme.sidebar: "" @ http://localhost:8501/static/js/index.Drusyo5m.js:49
[  158965ms] [WARNING] Invalid color passed for widgetBorderColor in theme.sidebar: "" @ http://localhost:8501/static/js/index.Drusyo5m.js:49
[  158965ms] [WARNING] Invalid color passed for skeletonBackgroundColor in theme.sidebar: "" @ http://localhost:8501/static/js/index.Drusyo5m.js:49
[  158973ms] [WARNING] Invalid color passed for widgetBackgroundColor in theme.sidebar: "" @ http://localhost:8501/static/js/index.Drusyo5m.js:49
[  158973ms] [WARNING] Invalid color passed for widgetBorderColor in theme.sidebar: "" @ http://localhost:8501/static/js/index.Drusyo5m.js:49
[  158974ms] [WARNING] Invalid color passed for skeletonBackgroundColor in theme.sidebar: "" @ http://localhost:8501/static/js/index.Drusyo5m.js:49
[  158982ms] [WARNING] Invalid color passed for widgetBackgroundColor in theme.sidebar: "" @ http://localhost:8501/static/js/index.Drusyo5m.js:49
[  158982ms] [WARNING] Invalid color passed for widgetBorderColor in theme.sidebar: "" @ http://localhost:8501/static/js/index.Drusyo5m.js:49
[  158982ms] [WARNING] Invalid color passed for skeletonBackgroundColor in theme.sidebar: "" @ http://localhost:8501/static/js/index.Drusyo5m.js:49
[  159030ms] [WARNING] Invalid color passed for widgetBackgroundColor in theme.sidebar: "" @ http://localhost:8501/static/js/index.Drusyo5m.js:49
[  159030ms] [WARNING] Invalid color passed for widgetBorderColor in theme.sidebar: "" @ http://localhost:8501/static/js/index.Drusyo5m.js:49
[  159030ms] [WARNING] Invalid color passed for skeletonBackgroundColor in theme.sidebar: "" @ http://localhost:8501/static/js/index.Drusyo5m.js:49
[  159054ms] [WARNING] Invalid color passed for widgetBackgroundColor in theme.sidebar: "" @ http://localhost:8501/static/js/index.Drusyo5m.js:49
[  159054ms] [WARNING] Invalid color passed for widgetBorderColor in theme.sidebar: "" @ http://localhost:8501/static/js/index.Drusyo5m.js:49
[  159054ms] [WARNING] Invalid color passed for skeletonBackgroundColor in theme.sidebar: "" @ http://localhost:8501/static/js/index.Drusyo5m.js:49
[  159078ms] [WARNING] Invalid color passed for widgetBackgroundColor in theme.sidebar: "" @ http://localhost:8501/static/js/index.Drusyo5m.js:49
[  159078ms] [WARNING] Invalid color passed for widgetBorderColor in theme.sidebar: "" @ http://localhost:8501/static/js/index.Drusyo5m.js:49
[  159078ms] [WARNING] Invalid color passed for skeletonBackgroundColor in theme.sidebar: "" @ http://localhost:8501/static/js/index.Drusyo5m.js:49
[  159121ms] [WARNING] Invalid color passed for widgetBackgroundColor in theme.sidebar: "" @ http://localhost:8501/static/js/index.Drusyo5m.js:49
[  159122ms] [WARNING] Invalid color passed for widgetBorderColor in theme.sidebar: "" @ http://localhost:8501/static/js/index.Drusyo5m.js:49
[  159122ms] [WARNING] Invalid color passed for skeletonBackgroundColor in theme.sidebar: "" @ http://localhost:8501/static/js/index.Drusyo5m.js:49
[  159180ms] [WARNING] Invalid color passed for widgetBackgroundColor in theme.sidebar: "" @ http://localhost:8501/static/js/index.Drusyo5m.js:49
[  159180ms] [WARNING] Invalid color passed for widgetBorderColor in theme.sidebar: "" @ http://localhost:8501/static/js/index.Drusyo5m.js:49
[  159180ms] [WARNING] Invalid color passed for skeletonBackgroundColor in theme.sidebar: "" @ http://localhost:8501/static/js/index.Drusyo5m.js:49
[  159218ms] [WARNING] Invalid color passed for widgetBackgroundColor in theme.sidebar: "" @ http://localhost:8501/static/js/index.Drusyo5m.js:49
[  159218ms] [WARNING] Invalid color passed for widgetBorderColor in theme.sidebar: "" @ http://localhost:8501/static/js/index.Drusyo5m.js:49
[  159218ms] [WARNING] Invalid color passed for skeletonBackgroundColor in theme.sidebar: "" @ http://localhost:8501/static/js/index.Drusyo5m.js:49
[  159256ms] [WARNING] Invalid color passed for widgetBackgroundColor in theme.sidebar: "" @ http://localhost:8501/static/js/index.Drusyo5m.js:49
[  159256ms] [WARNING] Invalid color passed for widgetBorderColor in theme.sidebar: "" @ http://localhost:8501/static/js/index.Drusyo5m.js:49
[  159256ms] [WARNING] Invalid color passed for skeletonBackgroundColor in theme.sidebar: "" @ http://localhost:8501/static/js/index.Drusyo5m.js:49
[  159277ms] [WARNING] Invalid color passed for widgetBackgroundColor in theme.sidebar: "" @ http://localhost:8501/static/js/index.Drusyo5m.js:49
[  159277ms] [WARNING] Invalid color passed for widgetBorderColor in theme.sidebar: "" @ http://localhost:8501/static/js/index.Drusyo5m.js:49
[  159277ms] [WARNING] Invalid color passed for skeletonBackgroundColor in theme.sidebar: "" @ http://localhost:8501/static/js/index.Drusyo5m.js:49
[  159312ms] [WARNING] Invalid color passed for widgetBackgroundColor in theme.sidebar: "" @ http://localhost:8501/static/js/index.Drusyo5m.js:49
[  159312ms] [WARNING] Invalid color passed for widgetBorderColor in theme.sidebar: "" @ http://localhost:8501/static/js/index.Drusyo5m.js:49
[  159312ms] [WARNING] Invalid color passed for skeletonBackgroundColor in theme.sidebar: "" @ http://localhost:8501/static/js/index.Drusyo5m.js:49
[  159358ms] [WARNING] Invalid color passed for widgetBackgroundColor in theme.sidebar: "" @ http://localhost:8501/static/js/index.Drusyo5m.js:49
[  159358ms] [WARNING] Invalid color passed for widgetBorderColor in theme.sidebar: "" @ http://localhost:8501/static/js/index.Drusyo5m.js:49
[  159358ms] [WARNING] Invalid color passed for skeletonBackgroundColor in theme.sidebar: "" @ http://localhost:8501/static/js/index.Drusyo5m.js:49
[  159847ms] [WARNING] Invalid color passed for widgetBackgroundColor in theme.sidebar: "" @ http://localhost:8501/static/js/index.Drusyo5m.js:49
[  159847ms] [WARNING] Invalid color passed for widgetBorderColor in theme.sidebar: "" @ http://localhost:8501/static/js/index.Drusyo5m.js:49
[  159847ms] [WARNING] Invalid color passed for skeletonBackgroundColor in theme.sidebar: "" @ http://localhost:8501/static/js/index.Drusyo5m.js:49
[  159871ms] [WARNING] Invalid color passed for widgetBackgroundColor in theme.sidebar: "" @ http://localhost:8501/static/js/index.Drusyo5m.js:49
[  159871ms] [WARNING] Invalid color passed for widgetBorderColor in theme.sidebar: "" @ http://localhost:8501/static/js/index.Drusyo5m.js:49
[  159871ms] [WARNING] Invalid color passed for skeletonBackgroundColor in theme.sidebar: "" @ http://localhost:8501/static/js/index.Drusyo5m.js:49
[  233399ms] [WARNING] Invalid color passed for widgetBackgroundColor in theme.sidebar: "" @ http://localhost:8501/static/js/index.Drusyo5m.js:49
[  233399ms] [WARNING] Invalid color passed for widgetBorderColor in theme.sidebar: "" @ http://localhost:8501/static/js/index.Drusyo5m.js:49
[  233399ms] [WARNING] Invalid color passed for skeletonBackgroundColor in theme.sidebar: "" @ http://localhost:8501/static/js/index.Drusyo5m.js:49
[  276951ms] [WARNING] Invalid color passed for widgetBackgroundColor in theme.sidebar: "" @ http://localhost:8501/static/js/index.Drusyo5m.js:49
[  276952ms] [WARNING] Invalid color passed for widgetBorderColor in theme.sidebar: "" @ http://localhost:8501/static/js/index.Drusyo5m.js:49
[  276952ms] [WARNING] Invalid color passed for skeletonBackgroundColor in theme.sidebar: "" @ http://localhost:8501/static/js/index.Drusyo5m.js:49
[  276968ms] [WARNING] Invalid color passed for widgetBackgroundColor in theme.sidebar: "" @ http://localhost:8501/static/js/index.Drusyo5m.js:49
[  276969ms] [WARNING] Invalid color passed for widgetBorderColor in theme.sidebar: "" @ http://localhost:8501/static/js/index.Drusyo5m.js:49
[  276969ms] [WARNING] Invalid color passed for skeletonBackgroundColor in theme.sidebar: "" @ http://localhost:8501/static/js/index.Drusyo5m.js:49
[  277001ms] [WARNING] Invalid color passed for widgetBackgroundColor in theme.sidebar: "" @ http://localhost:8501/static/js/index.Drusyo5m.js:49
[  277001ms] [WARNING] Invalid color passed for widgetBorderColor in theme.sidebar: "" @ http://localhost:8501/static/js/index.Drusyo5m.js:49
[  277001ms] [WARNING] Invalid color passed for skeletonBackgroundColor in theme.sidebar: "" @ http://localhost:8501/static/js/index.Drusyo5m.js:49
[  277027ms] [WARNING] Invalid color passed for widgetBackgroundColor in theme.sidebar: "" @ http://localhost:8501/static/js/index.Drusyo5m.js:49
[  277027ms] [WARNING] Invalid color passed for widgetBorderColor in theme.sidebar: "" @ http://localhost:8501/static/js/index.Drusyo5m.js:49
[  277027ms] [WARNING] Invalid color passed for skeletonBackgroundColor in theme.sidebar: "" @ http://localhost:8501/static/js/index.Drusyo5m.js:49
[  277420ms] [WARNING] Invalid color passed for widgetBackgroundColor in theme.sidebar: "" @ http://localhost:8501/static/js/index.Drusyo5m.js:49
[  277420ms] [WARNING] Invalid color passed for widgetBorderColor in theme.sidebar: "" @ http://localhost:8501/static/js/index.Drusyo5m.js:49
[  277420ms] [WARNING] Invalid color passed for skeletonBackgroundColor in theme.sidebar: "" @ http://localhost:8501/static/js/index.Drusyo5m.js:49
[  277435ms] [WARNING] Invalid color passed for widgetBackgroundColor in theme.sidebar: "" @ http://localhost:8501/static/js/index.Drusyo5m.js:49
[  277436ms] [WARNING] Invalid color passed for widgetBorderColor in theme.sidebar: "" @ http://localhost:8501/static/js/index.Drusyo5m.js:49
[  277436ms] [WARNING] Invalid color passed for skeletonBackgroundColor in theme.sidebar: "" @ http://localhost:8501/static/js/index.Drusyo5m.js:49
[  277459ms] [WARNING] Invalid color passed for widgetBackgroundColor in theme.sidebar: "" @ http://localhost:8501/static/js/index.Drusyo5m.js:49
[  277459ms] [WARNING] Invalid color passed for widgetBorderColor in theme.sidebar: "" @ http://localhost:8501/static/js/index.Drusyo5m.js:49
[  277459ms] [WARNING] Invalid color passed for skeletonBackgroundColor in theme.sidebar: "" @ http://localhost:8501/static/js/index.Drusyo5m.js:49
[  277498ms] [WARNING] Invalid color passed for widgetBackgroundColor in theme.sidebar: "" @ http://localhost:8501/static/js/index.Drusyo5m.js:49
[  277498ms] [WARNING] Invalid color passed for widgetBorderColor in theme.sidebar: "" @ http://localhost:8501/static/js/index.Drusyo5m.js:49
[  277498ms] [WARNING] Invalid color passed for skeletonBackgroundColor in theme.sidebar: "" @ http://localhost:8501/static/js/index.Drusyo5m.js:49
[  341004ms] [WARNING] Invalid color passed for widgetBackgroundColor in theme.sidebar: "" @ http://localhost:8501/static/js/index.Drusyo5m.js:49
[  341004ms] [WARNING] Invalid color passed for widgetBorderColor in theme.sidebar: "" @ http://localhost:8501/static/js/index.Drusyo5m.js:49
[  341004ms] [WARNING] Invalid color passed for skeletonBackgroundColor in theme.sidebar: "" @ http://localhost:8501/static/js/index.Drusyo5m.js:49
[  341014ms] [WARNING] Invalid color passed for widgetBackgroundColor in theme.sidebar: "" @ http://localhost:8501/static/js/index.Drusyo5m.js:49
[  341015ms] [WARNING] Invalid color passed for widgetBorderColor in theme.sidebar: "" @ http://localhost:8501/static/js/index.Drusyo5m.js:49
[  341015ms] [WARNING] Invalid color passed for skeletonBackgroundColor in theme.sidebar: "" @ http://localhost:8501/static/js/index.Drusyo5m.js:49
[  341026ms] [WARNING] Invalid color passed for widgetBackgroundColor in theme.sidebar: "" @ http://localhost:8501/static/js/index.Drusyo5m.js:49
[  341027ms] [WARNING] Invalid color passed for widgetBorderColor in theme.sidebar: "" @ http://localhost:8501/static/js/index.Drusyo5m.js:49
[  341027ms] [WARNING] Invalid color passed for skeletonBackgroundColor in theme.sidebar: "" @ http://localhost:8501/static/js/index.Drusyo5m.js:49
[  341036ms] [WARNING] Invalid color passed for widgetBackgroundColor in theme.sidebar: "" @ http://localhost:8501/static/js/index.Drusyo5m.js:49
[  341036ms] [WARNING] Invalid color passed for widgetBorderColor in theme.sidebar: "" @ http://localhost:8501/static/js/index.Drusyo5m.js:49
[  341036ms] [WARNING] Invalid color passed for skeletonBackgroundColor in theme.sidebar: "" @ http://localhost:8501/static/js/index.Drusyo5m.js:49
[  341050ms] [WARNING] Invalid color passed for widgetBackgroundColor in theme.sidebar: "" @ http://localhost:8501/static/js/index.Drusyo5m.js:49
[  341050ms] [WARNING] Invalid color passed for widgetBorderColor in theme.sidebar: "" @ http://localhost:8501/static/js/index.Drusyo5m.js:49
[  341050ms] [WARNING] Invalid color passed for skeletonBackgroundColor in theme.sidebar: "" @ http://localhost:8501/static/js/index.Drusyo5m.js:49
[  341063ms] [WARNING] Invalid color passed for widgetBackgroundColor in theme.sidebar: "" @ http://localhost:8501/static/js/index.Drusyo5m.js:49
[  341063ms] [WARNING] Invalid color passed for widgetBorderColor in theme.sidebar: "" @ http://localhost:8501/static/js/index.Drusyo5m.js:49
[  341063ms] [WARNING] Invalid color passed for skeletonBackgroundColor in theme.sidebar: "" @ http://localhost:8501/static/js/index.Drusyo5m.js:49
[  341079ms] [WARNING] Invalid color passed for widgetBackgroundColor in theme.sidebar: "" @ http://localhost:8501/static/js/index.Drusyo5m.js:49
[  341079ms] [WARNING] Invalid color passed for widgetBorderColor in theme.sidebar: "" @ http://localhost:8501/static/js/index.Drusyo5m.js:49
[  341080ms] [WARNING] Invalid color passed for skeletonBackgroundColor in theme.sidebar: "" @ http://localhost:8501/static/js/index.Drusyo5m.js:49
[  341094ms] [WARNING] Invalid color passed for widgetBackgroundColor in theme.sidebar: "" @ http://localhost:8501/static/js/index.Drusyo5m.js:49
[  341094ms] [WARNING] Invalid color passed for widgetBorderColor in theme.sidebar: "" @ http://localhost:8501/static/js/index.Drusyo5m.js:49
[  341094ms] [WARNING] Invalid color passed for skeletonBackgroundColor in theme.sidebar: "" @ http://localhost:8501/static/js/index.Drusyo5m.js:49
[  341111ms] [WARNING] Invalid color passed for widgetBackgroundColor in theme.sidebar: "" @ http://localhost:8501/static/js/index.Drusyo5m.js:49
[  341111ms] [WARNING] Invalid color passed for widgetBorderColor in theme.sidebar: "" @ http://localhost:8501/static/js/index.Drusyo5m.js:49
[  341111ms] [WARNING] Invalid color passed for skeletonBackgroundColor in theme.sidebar: "" @ http://localhost:8501/static/js/index.Drusyo5m.js:49
[  341184ms] [WARNING] Invalid color passed for widgetBackgroundColor in theme.sidebar: "" @ http://localhost:8501/static/js/index.Drusyo5m.js:49
[  341185ms] [WARNING] Invalid color passed for widgetBorderColor in theme.sidebar: "" @ http://localhost:8501/static/js/index.Drusyo5m.js:49
[  341185ms] [WARNING] Invalid color passed for skeletonBackgroundColor in theme.sidebar: "" @ http://localhost:8501/static/js/index.Drusyo5m.js:49
[  341326ms] [WARNING] Invalid color passed for widgetBackgroundColor in theme.sidebar: "" @ http://localhost:8501/static/js/index.Drusyo5m.js:49
[  341326ms] [WARNING] Invalid color passed for widgetBorderColor in theme.sidebar: "" @ http://localhost:8501/static/js/index.Drusyo5m.js:49
[  341326ms] [WARNING] Invalid color passed for skeletonBackgroundColor in theme.sidebar: "" @ http://localhost:8501/static/js/index.Drusyo5m.js:49
[  341358ms] [WARNING] Invalid color passed for widgetBackgroundColor in theme.sidebar: "" @ http://localhost:8501/static/js/index.Drusyo5m.js:49
[  341358ms] [WARNING] Invalid color passed for widgetBorderColor in theme.sidebar: "" @ http://localhost:8501/static/js/index.Drusyo5m.js:49
[  341358ms] [WARNING] Invalid color passed for skeletonBackgroundColor in theme.sidebar: "" @ http://localhost:8501/static/js/index.Drusyo5m.js:49
[  341410ms] [WARNING] Invalid color passed for widgetBackgroundColor in theme.sidebar: "" @ http://localhost:8501/static/js/index.Drusyo5m.js:49
[  341410ms] [WARNING] Invalid color passed for widgetBorderColor in theme.sidebar: "" @ http://localhost:8501/static/js/index.Drusyo5m.js:49
[  341410ms] [WARNING] Invalid color passed for skeletonBackgroundColor in theme.sidebar: "" @ http://localhost:8501/static/js/index.Drusyo5m.js:49
[  341430ms] [WARNING] Invalid color passed for widgetBackgroundColor in theme.sidebar: "" @ http://localhost:8501/static/js/index.Drusyo5m.js:49
[  341431ms] [WARNING] Invalid color passed for widgetBorderColor in theme.sidebar: "" @ http://localhost:8501/static/js/index.Drusyo5m.js:49
[  341431ms] [WARNING] Invalid color passed for skeletonBackgroundColor in theme.sidebar: "" @ http://localhost:8501/static/js/index.Drusyo5m.js:49
[  341472ms] [WARNING] Invalid color passed for widgetBackgroundColor in theme.sidebar: "" @ http://localhost:8501/static/js/index.Drusyo5m.js:49
[  341472ms] [WARNING] Invalid color passed for widgetBorderColor in theme.sidebar: "" @ http://localhost:8501/static/js/index.Drusyo5m.js:49
[  341472ms] [WARNING] Invalid color passed for skeletonBackgroundColor in theme.sidebar: "" @ http://localhost:8501/static/js/index.Drusyo5m.js:49
[  341499ms] [WARNING] Invalid color passed for widgetBackgroundColor in theme.sidebar: "" @ http://localhost:8501/static/js/index.Drusyo5m.js:49
[  341499ms] [WARNING] Invalid color passed for widgetBorderColor in theme.sidebar: "" @ http://localhost:8501/static/js/index.Drusyo5m.js:49
[  341499ms] [WARNING] Invalid color passed for skeletonBackgroundColor in theme.sidebar: "" @ http://localhost:8501/static/js/index.Drusyo5m.js:49
[  341526ms] [WARNING] Invalid color passed for widgetBackgroundColor in theme.sidebar: "" @ http://localhost:8501/static/js/index.Drusyo5m.js:49
[  341526ms] [WARNING] Invalid color passed for widgetBorderColor in theme.sidebar: "" @ http://localhost:8501/static/js/index.Drusyo5m.js:49
[  341526ms] [WARNING] Invalid color passed for skeletonBackgroundColor in theme.sidebar: "" @ http://localhost:8501/static/js/index.Drusyo5m.js:49
[  341963ms] [WARNING] Invalid color passed for widgetBackgroundColor in theme.sidebar: "" @ http://localhost:8501/static/js/index.Drusyo5m.js:49
[  341963ms] [WARNING] Invalid color passed for widgetBorderColor in theme.sidebar: "" @ http://localhost:8501/static/js/index.Drusyo5m.js:49
[  341963ms] [WARNING] Invalid color passed for skeletonBackgroundColor in theme.sidebar: "" @ http://localhost:8501/static/js/index.Drusyo5m.js:49
[  341983ms] [WARNING] Invalid color passed for widgetBackgroundColor in theme.sidebar: "" @ http://localhost:8501/static/js/index.Drusyo5m.js:49
[  341983ms] [WARNING] Invalid color passed for widgetBorderColor in theme.sidebar: "" @ http://localhost:8501/static/js/index.Drusyo5m.js:49
[  341983ms] [WARNING] Invalid color passed for skeletonBackgroundColor in theme.sidebar: "" @ http://localhost:8501/static/js/index.Drusyo5m.js:49
[  342011ms] [WARNING] Invalid color passed for widgetBackgroundColor in theme.sidebar: "" @ http://localhost:8501/static/js/index.Drusyo5m.js:49
[  342011ms] [WARNING] Invalid color passed for widgetBorderColor in theme.sidebar: "" @ http://localhost:8501/static/js/index.Drusyo5m.js:49
[  342011ms] [WARNING] Invalid color passed for skeletonBackgroundColor in theme.sidebar: "" @ http://localhost:8501/static/js/index.Drusyo5m.js:49
[  342042ms] [WARNING] Invalid color passed for widgetBackgroundColor in theme.sidebar: "" @ http://localhost:8501/static/js/index.Drusyo5m.js:49
[  342042ms] [WARNING] Invalid color passed for widgetBorderColor in theme.sidebar: "" @ http://localhost:8501/static/js/index.Drusyo5m.js:49
[  342042ms] [WARNING] Invalid color passed for skeletonBackgroundColor in theme.sidebar: "" @ http://localhost:8501/static/js/index.Drusyo5m.js:49
[  372894ms] [WARNING] Invalid color passed for widgetBackgroundColor in theme.sidebar: "" @ http://localhost:8501/static/js/index.Drusyo5m.js:49
[  372894ms] [WARNING] Invalid color passed for widgetBorderColor in theme.sidebar: "" @ http://localhost:8501/static/js/index.Drusyo5m.js:49
[  372895ms] [WARNING] Invalid color passed for skeletonBackgroundColor in theme.sidebar: "" @ http://localhost:8501/static/js/index.Drusyo5m.js:49
[  372917ms] [WARNING] Invalid color passed for widgetBackgroundColor in theme.sidebar: "" @ http://localhost:8501/static/js/index.Drusyo5m.js:49
[  372918ms] [WARNING] Invalid color passed for widgetBorderColor in theme.sidebar: "" @ http://localhost:8501/static/js/index.Drusyo5m.js:49
[  372918ms] [WARNING] Invalid color passed for skeletonBackgroundColor in theme.sidebar: "" @ http://localhost:8501/static/js/index.Drusyo5m.js:49
[  372948ms] [WARNING] Invalid color passed for widgetBackgroundColor in theme.sidebar: "" @ http://localhost:8501/static/js/index.Drusyo5m.js:49
[  372948ms] [WARNING] Invalid color passed for widgetBorderColor in theme.sidebar: "" @ http://localhost:8501/static/js/index.Drusyo5m.js:49
[  372948ms] [WARNING] Invalid color passed for skeletonBackgroundColor in theme.sidebar: "" @ http://localhost:8501/static/js/index.Drusyo5m.js:49
[  372970ms] [WARNING] Invalid color passed for widgetBackgroundColor in theme.sidebar: "" @ http://localhost:8501/static/js/index.Drusyo5m.js:49
[  372970ms] [WARNING] Invalid color passed for widgetBorderColor in theme.sidebar: "" @ http://localhost:8501/static/js/index.Drusyo5m.js:49
[  372970ms] [WARNING] Invalid color passed for skeletonBackgroundColor in theme.sidebar: "" @ http://localhost:8501/static/js/index.Drusyo5m.js:49
[  372994ms] [WARNING] Invalid color passed for widgetBackgroundColor in theme.sidebar: "" @ http://localhost:8501/static/js/index.Drusyo5m.js:49
[  372994ms] [WARNING] Invalid color passed for widgetBorderColor in theme.sidebar: "" @ http://localhost:8501/static/js/index.Drusyo5m.js:49
[  372994ms] [WARNING] Invalid color passed for skeletonBackgroundColor in theme.sidebar: "" @ http://localhost:8501/static/js/index.Drusyo5m.js:49
[  373042ms] [WARNING] Invalid color passed for widgetBackgroundColor in theme.sidebar: "" @ http://localhost:8501/static/js/index.Drusyo5m.js:49
[  373043ms] [WARNING] Invalid color passed for widgetBorderColor in theme.sidebar: "" @ http://localhost:8501/static/js/index.Drusyo5m.js:49
[  373043ms] [WARNING] Invalid color passed for skeletonBackgroundColor in theme.sidebar: "" @ http://localhost:8501/static/js/index.Drusyo5m.js:49
