[     534ms] [WARNING] Invalid color passed for widgetBackgroundColor in theme.sidebar: "" @ http://localhost:8501/static/js/index.Drusyo5m.js:49
[     534ms] [WARNING] Invalid color passed for widgetBorderColor in theme.sidebar: "" @ http://localhost:8501/static/js/index.Drusyo5m.js:49
[     535ms] [WARNING] Invalid color passed for skeletonBackgroundColor in theme.sidebar: "" @ http://localhost:8501/static/js/index.Drusyo5m.js:49
[     585ms] [WARNING] Invalid color passed for widgetBackgroundColor in theme.sidebar: "" @ http://localhost:8501/static/js/index.Drusyo5m.js:49
[     585ms] [WARNING] Invalid color passed for widgetBorderColor in theme.sidebar: "" @ http://localhost:8501/static/js/index.Drusyo5m.js:49
[     585ms] [WARNING] Invalid color passed for skeletonBackgroundColor in theme.sidebar: "" @ http://localhost:8501/static/js/index.Drusyo5m.js:49
[     600ms] [WARNING] Invalid color passed for widgetBackgroundColor in theme.sidebar: "" @ http://localhost:8501/static/js/index.Drusyo5m.js:49
[     600ms] [WARNING] Invalid color passed for widgetBorderColor in theme.sidebar: "" @ http://localhost:8501/static/js/index.Drusyo5m.js:49
[     600ms] [WARNING] Invalid color passed for skeletonBackgroundColor in theme.sidebar: "" @ http://localhost:8501/static/js/index.Drusyo5m.js:49
[    1065ms] [WARNING] Invalid color passed for widgetBackgroundColor in theme.sidebar: "" @ http://localhost:8501/static/js/index.Drusyo5m.js:49
[    1065ms] [WARNING] Invalid color passed for widgetBorderColor in theme.sidebar: "" @ http://localhost:8501/static/js/index.Drusyo5m.js:49
[    1065ms] [WARNING] Invalid color passed for skeletonBackgroundColor in theme.sidebar: "" @ http://localhost:8501/static/js/index.Drusyo5m.js:49
[    1074ms] [WARNING] Invalid color passed for widgetBackgroundColor in theme.sidebar: "" @ http://localhost:8501/static/js/index.Drusyo5m.js:49
[    1074ms] [WARNING] Invalid color passed for widgetBorderColor in theme.sidebar: "" @ http://localhost:8501/static/js/index.Drusyo5m.js:49
[    1074ms] [WARNING] Invalid color passed for skeletonBackgroundColor in theme.sidebar: "" @ http://localhost:8501/static/js/index.Drusyo5m.js:49
[    1208ms] [WARNING] Invalid color passed for widgetBackgroundColor in theme.sidebar: "" @ http://localhost:8501/static/js/index.Drusyo5m.js:49
[    1208ms] [WARNING] Invalid color passed for widgetBorderColor in theme.sidebar: "" @ http://localhost:8501/static/js/index.Drusyo5m.js:49
[    1208ms] [WARNING] Invalid color passed for skeletonBackgroundColor in theme.sidebar: "" @ http://localhost:8501/static/js/index.Drusyo5m.js:49
[    1218ms] [WARNING] Invalid color passed for widgetBackgroundColor in theme.sidebar: "" @ http://localhost:8501/static/js/index.Drusyo5m.js:49
[    1218ms] [WARNING] Invalid color passed for widgetBorderColor in theme.sidebar: "" @ http://localhost:8501/static/js/index.Drusyo5m.js:49
[    1218ms] [WARNING] Invalid color passed for skeletonBackgroundColor in theme.sidebar: "" @ http://localhost:8501/static/js/index.Drusyo5m.js:49
[    1238ms] [WARNING] Invalid color passed for widgetBackgroundColor in theme.sidebar: "" @ http://localhost:8501/static/js/index.Drusyo5m.js:49
[    1238ms] [WARNING] Invalid color passed for widgetBorderColor in theme.sidebar: "" @ http://localhost:8501/static/js/index.Drusyo5m.js:49
[    1238ms] [WARNING] Invalid color passed for skeletonBackgroundColor in theme.sidebar: "" @ http://localhost:8501/static/js/index.Drusyo5m.js:49
[    1863ms] [WARNING] Invalid color passed for widgetBackgroundColor in theme.sidebar: "" @ http://localhost:8501/static/js/index.Drusyo5m.js:49
[    1863ms] [WARNING] Invalid color passed for widgetBorderColor in theme.sidebar: "" @ http://localhost:8501/static/js/index.Drusyo5m.js:49
[    1863ms] [WARNING] Invalid color passed for skeletonBackgroundColor in theme.sidebar: "" @ http://localhost:8501/static/js/index.Drusyo5m.js:49
[    1874ms] [WARNING] Invalid color passed for widgetBackgroundColor in theme.sidebar: "" @ http://localhost:8501/static/js/index.Drusyo5m.js:49
[    1874ms] [WARNING] Invalid color passed for widgetBorderColor in theme.sidebar: "" @ http://localhost:8501/static/js/index.Drusyo5m.js:49
[    1874ms] [WARNING] Invalid color passed for skeletonBackgroundColor in theme.sidebar: "" @ http://localhost:8501/static/js/index.Drusyo5m.js:49
[   10105ms] [WARNING] Invalid color passed for widgetBackgroundColor in theme.sidebar: "" @ http://localhost:8501/static/js/index.Drusyo5m.js:49
[   10105ms] [WARNING] Invalid color passed for widgetBorderColor in theme.sidebar: "" @ http://localhost:8501/static/js/index.Drusyo5m.js:49
[   10105ms] [WARNING] Invalid color passed for skeletonBackgroundColor in theme.sidebar: "" @ http://localhost:8501/static/js/index.Drusyo5m.js:49
[  436113ms] [WARNING] WebSocket onclose @ http://localhost:8501/static/js/index.Drusyo5m.js:150
[  436115ms] [WARNING] Invalid color passed for widgetBackgroundColor in theme.sidebar: "" @ http://localhost:8501/static/js/index.Drusyo5m.js:49
[  436115ms] [WARNING] Invalid color passed for widgetBorderColor in theme.sidebar: "" @ http://localhost:8501/static/js/index.Drusyo5m.js:49
[  436115ms] [WARNING] Invalid color passed for skeletonBackgroundColor in theme.sidebar: "" @ http://localhost:8501/static/js/index.Drusyo5m.js:49
[  436699ms] [ERROR] Failed to load resource: net::ERR_CONNECTION_RESET @ http://localhost:8501/_stcore/health:0
[  436699ms] [ERROR] Failed to load resource: net::ERR_CONNECTION_RESET @ http://localhost:8501/_stcore/host-config:0
[  439175ms] [ERROR] Failed to load resource: net::ERR_CONNECTION_REFUSED @ http://localhost:8501/_stcore/health:0
[  439175ms] [ERROR] Failed to load resource: net::ERR_CONNECTION_REFUSED @ http://localhost:8501/_stcore/host-config:0
[  441788ms] [ERROR] Failed to load resource: net::ERR_CONNECTION_REFUSED @ http://localhost:8501/_stcore/health:0
[  441788ms] [ERROR] Failed to load resource: net::ERR_CONNECTION_REFUSED @ http://localhost:8501/_stcore/host-config:0
[  444199ms] [WARNING] Invalid color passed for widgetBackgroundColor in theme.sidebar: "" @ http://localhost:8501/static/js/index.Drusyo5m.js:49
[  444199ms] [WARNING] Invalid color passed for widgetBorderColor in theme.sidebar: "" @ http://localhost:8501/static/js/index.Drusyo5m.js:49
[  444199ms] [WARNING] Invalid color passed for skeletonBackgroundColor in theme.sidebar: "" @ http://localhost:8501/static/js/index.Drusyo5m.js:49
[  444208ms] [WARNING] Invalid color passed for widgetBackgroundColor in theme.sidebar: "" @ http://localhost:8501/static/js/index.Drusyo5m.js:49
[  444208ms] [WARNING] Invalid color passed for widgetBorderColor in theme.sidebar: "" @ http://localhost:8501/static/js/index.Drusyo5m.js:49
[  444208ms] [WARNING] Invalid color passed for skeletonBackgroundColor in theme.sidebar: "" @ http://localhost:8501/static/js/index.Drusyo5m.js:49
[  444217ms] [WARNING] Invalid color passed for widgetBackgroundColor in theme.sidebar: "" @ http://localhost:8501/static/js/index.Drusyo5m.js:49
[  444217ms] [WARNING] Invalid color passed for widgetBorderColor in theme.sidebar: "" @ http://localhost:8501/static/js/index.Drusyo5m.js:49
[  444217ms] [WARNING] Invalid color passed for skeletonBackgroundColor in theme.sidebar: "" @ http://localhost:8501/static/js/index.Drusyo5m.js:49
[  799435ms] [WARNING] WebSocket onclose @ http://localhost:8501/static/js/index.Drusyo5m.js:150
[  799436ms] [WARNING] Invalid color passed for widgetBackgroundColor in theme.sidebar: "" @ http://localhost:8501/static/js/index.Drusyo5m.js:49
[  799436ms] [WARNING] Invalid color passed for widgetBorderColor in theme.sidebar: "" @ http://localhost:8501/static/js/index.Drusyo5m.js:49
[  799437ms] [WARNING] Invalid color passed for skeletonBackgroundColor in theme.sidebar: "" @ http://localhost:8501/static/js/index.Drusyo5m.js:49
[  800107ms] [ERROR] Failed to load resource: net::ERR_CONNECTION_RESET @ http://localhost:8501/_stcore/health:0
[  800108ms] [ERROR] Failed to load resource: net::ERR_CONNECTION_RESET @ http://localhost:8501/_stcore/host-config:0
[  802576ms] [ERROR] Failed to load resource: net::ERR_CONNECTION_REFUSED @ http://localhost:8501/_stcore/health:0
[  802576ms] [ERROR] Failed to load resource: net::ERR_CONNECTION_REFUSED @ http://localhost:8501/_stcore/host-config:0
[  802857ms] [ERROR] Failed to load resource: net::ERR_CONNECTION_REFUSED @ http://localhost:8501/_stcore/health:0
[  805177ms] [ERROR] Failed to load resource: net::ERR_CONNECTION_REFUSED @ http://localhost:8501/_stcore/host-config:0
[  805193ms] [ERROR] Failed to load resource: net::ERR_CONNECTION_REFUSED @ http://localhost:8501/_stcore/health:0
[  805658ms] [ERROR] Failed to load resource: net::ERR_CONNECTION_REFUSED @ http://localhost:8501/_stcore/host-config:0
[  807530ms] [ERROR] Failed to load resource: net::ERR_CONNECTION_REFUSED @ http://localhost:8501/_stcore/health:0
[  808447ms] [ERROR] Failed to load resource: net::ERR_CONNECTION_REFUSED @ http://localhost:8501/_stcore/host-config:0
[  809653ms] [WARNING] Invalid color passed for widgetBackgroundColor in theme.sidebar: "" @ http://localhost:8501/static/js/index.Drusyo5m.js:49
[  809654ms] [WARNING] Invalid color passed for widgetBorderColor in theme.sidebar: "" @ http://localhost:8501/static/js/index.Drusyo5m.js:49
[  809654ms] [WARNING] Invalid color passed for skeletonBackgroundColor in theme.sidebar: "" @ http://localhost:8501/static/js/index.Drusyo5m.js:49
[  809665ms] [WARNING] Invalid color passed for widgetBackgroundColor in theme.sidebar: "" @ http://localhost:8501/static/js/index.Drusyo5m.js:49
[  809665ms] [WARNING] Invalid color passed for widgetBorderColor in theme.sidebar: "" @ http://localhost:8501/static/js/index.Drusyo5m.js:49
[  809665ms] [WARNING] Invalid color passed for skeletonBackgroundColor in theme.sidebar: "" @ http://localhost:8501/static/js/index.Drusyo5m.js:49
[  809674ms] [WARNING] Invalid color passed for widgetBackgroundColor in theme.sidebar: "" @ http://localhost:8501/static/js/index.Drusyo5m.js:49
[  809674ms] [WARNING] Invalid color passed for widgetBorderColor in theme.sidebar: "" @ http://localhost:8501/static/js/index.Drusyo5m.js:49
[  809674ms] [WARNING] Invalid color passed for skeletonBackgroundColor in theme.sidebar: "" @ http://localhost:8501/static/js/index.Drusyo5m.js:49
[ 1894376ms] [WARNING] WebSocket onclose @ http://localhost:8501/static/js/index.Drusyo5m.js:150
[ 1894379ms] [WARNING] Invalid color passed for widgetBackgroundColor in theme.sidebar: "" @ http://localhost:8501/static/js/index.Drusyo5m.js:49
[ 1894379ms] [WARNING] Invalid color passed for widgetBorderColor in theme.sidebar: "" @ http://localhost:8501/static/js/index.Drusyo5m.js:49
[ 1894379ms] [WARNING] Invalid color passed for skeletonBackgroundColor in theme.sidebar: "" @ http://localhost:8501/static/js/index.Drusyo5m.js:49
[ 1896706ms] [ERROR] Failed to load resource: net::ERR_CONNECTION_REFUSED @ http://localhost:8501/_stcore/health:0
[ 1896707ms] [ERROR] Failed to load resource: net::ERR_CONNECTION_REFUSED @ http://localhost:8501/_stcore/host-config:0
[ 1896976ms] [ERROR] Failed to load resource: net::ERR_CONNECTION_REFUSED @ http://localhost:8501/_stcore/health:0
